<?xml version="1.0" encoding="UTF-8"?>
<!-- Generated by org.testng.reporters.JUnitReportReporter -->
<testsuite hostname="LTIN275883" failures="0" tests="3" name="testCases.TC_002_LanguageLearningTest" time="11.549" errors="0" timestamp="2024-02-29T17:44:27 IST" skipped="0">
  <testcase classname="testCases.TC_002_LanguageLearningTest" name="searchLanguage" time="6.169"/>
  <testcase classname="testCases.TC_002_LanguageLearningTest" name="ExtractLanguages" time="4.622"/>
  <testcase classname="testCases.TC_002_LanguageLearningTest" name="ExtractLevels" time="0.758"/>
</testsuite> <!-- testCases.TC_002_LanguageLearningTest -->
