<?xml version="1.0" encoding="UTF-8"?>
<!-- Generated by org.testng.reporters.JUnitReportReporter -->
<testsuite hostname="LTIN275883" failures="0" tests="4" name="testCases.TC_003_ForEnterpriseTest" time="123.482" errors="0" timestamp="2024-02-29T17:44:27 IST" skipped="0">
  <testcase classname="testCases.TC_003_ForEnterpriseTest" name="reachForm" time="116.950"/>
  <testcase classname="testCases.TC_003_ForEnterpriseTest" name="fillForm" time="5.981"/>
  <testcase classname="testCases.TC_003_ForEnterpriseTest" name="submit" time="0.381"/>
  <testcase classname="testCases.TC_003_ForEnterpriseTest" name="captureError" time="0.170"/>
</testsuite> <!-- testCases.TC_003_ForEnterpriseTest -->
