<?xml version="1.0" encoding="UTF-8"?>
<!-- Generated by org.testng.reporters.JUnitReportReporter -->
<testsuite hostname="LTIN275883" failures="0" tests="13" name="testCases.TC_001_WebDevelopmentTest" time="53.225" errors="0" timestamp="2024-02-29T17:44:27 IST" skipped="0">
  <testcase classname="testCases.TC_001_WebDevelopmentTest" name="enterCourseNameAndSearch" time="40.162"/>
  <testcase classname="testCases.TC_001_WebDevelopmentTest" name="selectLanguage" time="6.328"/>
  <testcase classname="testCases.TC_001_WebDevelopmentTest" name="scrollAfterLanguageSelection" time="0.073"/>
  <testcase classname="testCases.TC_001_WebDevelopmentTest" name="selectLevel" time="1.244"/>
  <testcase classname="testCases.TC_001_WebDevelopmentTest" name="scrollAfterLevelSelection" time="0.031"/>
  <testcase classname="testCases.TC_001_WebDevelopmentTest" name="clickOnFirstCourse" time="1.991"/>
  <testcase classname="testCases.TC_001_WebDevelopmentTest" name="tabSwitchFirstCourse" time="0.076"/>
  <testcase classname="testCases.TC_001_WebDevelopmentTest" name="Course1Details" time="1.858"/>
  <testcase classname="testCases.TC_001_WebDevelopmentTest" name="tabSwitchDefaultPage" time="0.069"/>
  <testcase classname="testCases.TC_001_WebDevelopmentTest" name="clickOnSecondCourse" time="0.186"/>
  <testcase classname="testCases.TC_001_WebDevelopmentTest" name="tabSwitchSecondCourse" time="0.220"/>
  <testcase classname="testCases.TC_001_WebDevelopmentTest" name="Course2Details" time="0.913"/>
  <testcase classname="testCases.TC_001_WebDevelopmentTest" name="tabSwitchDefaultPageAgain" time="0.074"/>
</testsuite> <!-- testCases.TC_001_WebDevelopmentTest -->
